<?xml version="1.0" encoding="UTF-8"?>
<testsuite xmlns:xsi="http://www.w3.org/2001/XMLSchema-instance" xsi:noNamespaceSchemaLocation="https://maven.apache.org/surefire/maven-surefire-plugin/xsd/surefire-test-report.xsd" name="TestSuite" time="24.401" tests="1" errors="0" skipped="0" failures="1">
  <properties>
    <property name="java.specification.version" value="13"/>
    <property name="sun.jnu.encoding" value="UTF-8"/>
    <property name="java.class.path" value="/home/davidmorales/Escritorio/GitHUB/Testing/Selenium con Java/Booking at Barcelo/target/test-classes:/home/davidmorales/Escritorio/GitHUB/Testing/Selenium con Java/Booking at Barcelo/target/classes:/home/davidmorales/.m2/repository/org/testng/testng/7.4.0/testng-7.4.0.jar:/home/davidmorales/.m2/repository/com/beust/jcommander/1.78/jcommander-1.78.jar:/home/davidmorales/.m2/repository/org/webjars/jquery/3.5.1/jquery-3.5.1.jar:/home/davidmorales/.m2/repository/org/seleniumhq/selenium/selenium-java/3.141.59/selenium-java-3.141.59.jar:/home/davidmorales/.m2/repository/org/seleniumhq/selenium/selenium-api/3.141.59/selenium-api-3.141.59.jar:/home/davidmorales/.m2/repository/org/seleniumhq/selenium/selenium-chrome-driver/3.141.59/selenium-chrome-driver-3.141.59.jar:/home/davidmorales/.m2/repository/org/seleniumhq/selenium/selenium-edge-driver/3.141.59/selenium-edge-driver-3.141.59.jar:/home/davidmorales/.m2/repository/org/seleniumhq/selenium/selenium-firefox-driver/3.141.59/selenium-firefox-driver-3.141.59.jar:/home/davidmorales/.m2/repository/org/seleniumhq/selenium/selenium-ie-driver/3.141.59/selenium-ie-driver-3.141.59.jar:/home/davidmorales/.m2/repository/org/seleniumhq/selenium/selenium-opera-driver/3.141.59/selenium-opera-driver-3.141.59.jar:/home/davidmorales/.m2/repository/org/seleniumhq/selenium/selenium-remote-driver/3.141.59/selenium-remote-driver-3.141.59.jar:/home/davidmorales/.m2/repository/org/seleniumhq/selenium/selenium-safari-driver/3.141.59/selenium-safari-driver-3.141.59.jar:/home/davidmorales/.m2/repository/org/seleniumhq/selenium/selenium-support/3.141.59/selenium-support-3.141.59.jar:/home/davidmorales/.m2/repository/net/bytebuddy/byte-buddy/1.8.15/byte-buddy-1.8.15.jar:/home/davidmorales/.m2/repository/org/apache/commons/commons-exec/1.3/commons-exec-1.3.jar:/home/davidmorales/.m2/repository/com/google/guava/guava/25.0-jre/guava-25.0-jre.jar:/home/davidmorales/.m2/repository/com/google/code/findbugs/jsr305/1.3.9/jsr305-1.3.9.jar:/home/davidmorales/.m2/repository/org/checkerframework/checker-compat-qual/2.0.0/checker-compat-qual-2.0.0.jar:/home/davidmorales/.m2/repository/com/google/errorprone/error_prone_annotations/2.1.3/error_prone_annotations-2.1.3.jar:/home/davidmorales/.m2/repository/com/google/j2objc/j2objc-annotations/1.1/j2objc-annotations-1.1.jar:/home/davidmorales/.m2/repository/org/codehaus/mojo/animal-sniffer-annotations/1.14/animal-sniffer-annotations-1.14.jar:/home/davidmorales/.m2/repository/com/squareup/okhttp3/okhttp/3.11.0/okhttp-3.11.0.jar:/home/davidmorales/.m2/repository/com/squareup/okio/okio/1.14.0/okio-1.14.0.jar:/home/davidmorales/.m2/repository/io/github/bonigarcia/webdrivermanager/5.0.3/webdrivermanager-5.0.3.jar:/home/davidmorales/.m2/repository/org/slf4j/slf4j-api/1.7.32/slf4j-api-1.7.32.jar:/home/davidmorales/.m2/repository/com/google/code/gson/gson/2.8.8/gson-2.8.8.jar:/home/davidmorales/.m2/repository/org/jsoup/jsoup/1.14.2/jsoup-1.14.2.jar:/home/davidmorales/.m2/repository/com/github/docker-java/docker-java/3.2.12/docker-java-3.2.12.jar:/home/davidmorales/.m2/repository/com/github/docker-java/docker-java-core/3.2.12/docker-java-core-3.2.12.jar:/home/davidmorales/.m2/repository/com/github/docker-java/docker-java-api/3.2.12/docker-java-api-3.2.12.jar:/home/davidmorales/.m2/repository/com/fasterxml/jackson/core/jackson-annotations/2.10.3/jackson-annotations-2.10.3.jar:/home/davidmorales/.m2/repository/commons-io/commons-io/2.6/commons-io-2.6.jar:/home/davidmorales/.m2/repository/org/apache/commons/commons-compress/1.21/commons-compress-1.21.jar:/home/davidmorales/.m2/repository/commons-lang/commons-lang/2.6/commons-lang-2.6.jar:/home/davidmorales/.m2/repository/com/fasterxml/jackson/core/jackson-databind/2.10.3/jackson-databind-2.10.3.jar:/home/davidmorales/.m2/repository/com/fasterxml/jackson/core/jackson-core/2.10.3/jackson-core-2.10.3.jar:/home/davidmorales/.m2/repository/org/bouncycastle/bcpkix-jdk15on/1.64/bcpkix-jdk15on-1.64.jar:/home/davidmorales/.m2/repository/org/bouncycastle/bcprov-jdk15on/1.64/bcprov-jdk15on-1.64.jar:/home/davidmorales/.m2/repository/org/slf4j/jcl-over-slf4j/1.7.30/jcl-over-slf4j-1.7.30.jar:/home/davidmorales/.m2/repository/com/github/docker-java/docker-java-transport-httpclient5/3.2.12/docker-java-transport-httpclient5-3.2.12.jar:/home/davidmorales/.m2/repository/com/github/docker-java/docker-java-transport/3.2.12/docker-java-transport-3.2.12.jar:/home/davidmorales/.m2/repository/org/apache/httpcomponents/client5/httpclient5/5.0.3/httpclient5-5.0.3.jar:/home/davidmorales/.m2/repository/org/apache/httpcomponents/core5/httpcore5/5.0.2/httpcore5-5.0.2.jar:/home/davidmorales/.m2/repository/commons-codec/commons-codec/1.13/commons-codec-1.13.jar:/home/davidmorales/.m2/repository/net/java/dev/jna/jna/5.8.0/jna-5.8.0.jar:/home/davidmorales/.m2/repository/org/brotli/dec/0.1.2/dec-0.1.2.jar:/home/davidmorales/.m2/repository/com/aventstack/extentreports/5.0.9/extentreports-5.0.9.jar:/home/davidmorales/.m2/repository/io/reactivex/rxjava3/rxjava/3.0.4/rxjava-3.0.4.jar:/home/davidmorales/.m2/repository/org/reactivestreams/reactive-streams/1.0.3/reactive-streams-1.0.3.jar:/home/davidmorales/.m2/repository/org/freemarker/freemarker/2.3.30/freemarker-2.3.30.jar:/home/davidmorales/.m2/repository/org/projectlombok/lombok/1.18.12/lombok-1.18.12.jar:"/>
    <property name="java.vm.vendor" value="Oracle Corporation"/>
    <property name="sun.arch.data.model" value="64"/>
    <property name="java.vendor.url" value="https://java.oracle.com/"/>
    <property name="os.name" value="Linux"/>
    <property name="java.vm.specification.version" value="13"/>
    <property name="sun.java.launcher" value="SUN_STANDARD"/>
    <property name="user.country" value="ES"/>
    <property name="sun.boot.library.path" value="/usr/lib/jvm/jdk-13.0.2/lib"/>
    <property name="sun.java.command" value="/home/davidmorales/Escritorio/GitHUB/Testing/Selenium con Java/Booking at Barcelo/target/surefire/surefirebooter3070226838240404655.jar /home/davidmorales/Escritorio/GitHUB/Testing/Selenium con Java/Booking at Barcelo/target/surefire 2021-10-27T13-09-07_528-jvmRun1 surefire4427387397067448981tmp surefire_07340785014665955126tmp"/>
    <property name="jdk.debug" value="release"/>
    <property name="surefire.test.class.path" value="/home/davidmorales/Escritorio/GitHUB/Testing/Selenium con Java/Booking at Barcelo/target/test-classes:/home/davidmorales/Escritorio/GitHUB/Testing/Selenium con Java/Booking at Barcelo/target/classes:/home/davidmorales/.m2/repository/org/testng/testng/7.4.0/testng-7.4.0.jar:/home/davidmorales/.m2/repository/com/beust/jcommander/1.78/jcommander-1.78.jar:/home/davidmorales/.m2/repository/org/webjars/jquery/3.5.1/jquery-3.5.1.jar:/home/davidmorales/.m2/repository/org/seleniumhq/selenium/selenium-java/3.141.59/selenium-java-3.141.59.jar:/home/davidmorales/.m2/repository/org/seleniumhq/selenium/selenium-api/3.141.59/selenium-api-3.141.59.jar:/home/davidmorales/.m2/repository/org/seleniumhq/selenium/selenium-chrome-driver/3.141.59/selenium-chrome-driver-3.141.59.jar:/home/davidmorales/.m2/repository/org/seleniumhq/selenium/selenium-edge-driver/3.141.59/selenium-edge-driver-3.141.59.jar:/home/davidmorales/.m2/repository/org/seleniumhq/selenium/selenium-firefox-driver/3.141.59/selenium-firefox-driver-3.141.59.jar:/home/davidmorales/.m2/repository/org/seleniumhq/selenium/selenium-ie-driver/3.141.59/selenium-ie-driver-3.141.59.jar:/home/davidmorales/.m2/repository/org/seleniumhq/selenium/selenium-opera-driver/3.141.59/selenium-opera-driver-3.141.59.jar:/home/davidmorales/.m2/repository/org/seleniumhq/selenium/selenium-remote-driver/3.141.59/selenium-remote-driver-3.141.59.jar:/home/davidmorales/.m2/repository/org/seleniumhq/selenium/selenium-safari-driver/3.141.59/selenium-safari-driver-3.141.59.jar:/home/davidmorales/.m2/repository/org/seleniumhq/selenium/selenium-support/3.141.59/selenium-support-3.141.59.jar:/home/davidmorales/.m2/repository/net/bytebuddy/byte-buddy/1.8.15/byte-buddy-1.8.15.jar:/home/davidmorales/.m2/repository/org/apache/commons/commons-exec/1.3/commons-exec-1.3.jar:/home/davidmorales/.m2/repository/com/google/guava/guava/25.0-jre/guava-25.0-jre.jar:/home/davidmorales/.m2/repository/com/google/code/findbugs/jsr305/1.3.9/jsr305-1.3.9.jar:/home/davidmorales/.m2/repository/org/checkerframework/checker-compat-qual/2.0.0/checker-compat-qual-2.0.0.jar:/home/davidmorales/.m2/repository/com/google/errorprone/error_prone_annotations/2.1.3/error_prone_annotations-2.1.3.jar:/home/davidmorales/.m2/repository/com/google/j2objc/j2objc-annotations/1.1/j2objc-annotations-1.1.jar:/home/davidmorales/.m2/repository/org/codehaus/mojo/animal-sniffer-annotations/1.14/animal-sniffer-annotations-1.14.jar:/home/davidmorales/.m2/repository/com/squareup/okhttp3/okhttp/3.11.0/okhttp-3.11.0.jar:/home/davidmorales/.m2/repository/com/squareup/okio/okio/1.14.0/okio-1.14.0.jar:/home/davidmorales/.m2/repository/io/github/bonigarcia/webdrivermanager/5.0.3/webdrivermanager-5.0.3.jar:/home/davidmorales/.m2/repository/org/slf4j/slf4j-api/1.7.32/slf4j-api-1.7.32.jar:/home/davidmorales/.m2/repository/com/google/code/gson/gson/2.8.8/gson-2.8.8.jar:/home/davidmorales/.m2/repository/org/jsoup/jsoup/1.14.2/jsoup-1.14.2.jar:/home/davidmorales/.m2/repository/com/github/docker-java/docker-java/3.2.12/docker-java-3.2.12.jar:/home/davidmorales/.m2/repository/com/github/docker-java/docker-java-core/3.2.12/docker-java-core-3.2.12.jar:/home/davidmorales/.m2/repository/com/github/docker-java/docker-java-api/3.2.12/docker-java-api-3.2.12.jar:/home/davidmorales/.m2/repository/com/fasterxml/jackson/core/jackson-annotations/2.10.3/jackson-annotations-2.10.3.jar:/home/davidmorales/.m2/repository/commons-io/commons-io/2.6/commons-io-2.6.jar:/home/davidmorales/.m2/repository/org/apache/commons/commons-compress/1.21/commons-compress-1.21.jar:/home/davidmorales/.m2/repository/commons-lang/commons-lang/2.6/commons-lang-2.6.jar:/home/davidmorales/.m2/repository/com/fasterxml/jackson/core/jackson-databind/2.10.3/jackson-databind-2.10.3.jar:/home/davidmorales/.m2/repository/com/fasterxml/jackson/core/jackson-core/2.10.3/jackson-core-2.10.3.jar:/home/davidmorales/.m2/repository/org/bouncycastle/bcpkix-jdk15on/1.64/bcpkix-jdk15on-1.64.jar:/home/davidmorales/.m2/repository/org/bouncycastle/bcprov-jdk15on/1.64/bcprov-jdk15on-1.64.jar:/home/davidmorales/.m2/repository/org/slf4j/jcl-over-slf4j/1.7.30/jcl-over-slf4j-1.7.30.jar:/home/davidmorales/.m2/repository/com/github/docker-java/docker-java-transport-httpclient5/3.2.12/docker-java-transport-httpclient5-3.2.12.jar:/home/davidmorales/.m2/repository/com/github/docker-java/docker-java-transport/3.2.12/docker-java-transport-3.2.12.jar:/home/davidmorales/.m2/repository/org/apache/httpcomponents/client5/httpclient5/5.0.3/httpclient5-5.0.3.jar:/home/davidmorales/.m2/repository/org/apache/httpcomponents/core5/httpcore5/5.0.2/httpcore5-5.0.2.jar:/home/davidmorales/.m2/repository/commons-codec/commons-codec/1.13/commons-codec-1.13.jar:/home/davidmorales/.m2/repository/net/java/dev/jna/jna/5.8.0/jna-5.8.0.jar:/home/davidmorales/.m2/repository/org/brotli/dec/0.1.2/dec-0.1.2.jar:/home/davidmorales/.m2/repository/com/aventstack/extentreports/5.0.9/extentreports-5.0.9.jar:/home/davidmorales/.m2/repository/io/reactivex/rxjava3/rxjava/3.0.4/rxjava-3.0.4.jar:/home/davidmorales/.m2/repository/org/reactivestreams/reactive-streams/1.0.3/reactive-streams-1.0.3.jar:/home/davidmorales/.m2/repository/org/freemarker/freemarker/2.3.30/freemarker-2.3.30.jar:/home/davidmorales/.m2/repository/org/projectlombok/lombok/1.18.12/lombok-1.18.12.jar:"/>
    <property name="sun.cpu.endian" value="little"/>
    <property name="user.home" value="/home/davidmorales"/>
    <property name="user.language" value="es"/>
    <property name="java.specification.vendor" value="Oracle Corporation"/>
    <property name="java.version.date" value="2020-01-14"/>
    <property name="java.home" value="/usr/lib/jvm/jdk-13.0.2"/>
    <property name="file.separator" value="/"/>
    <property name="basedir" value="/home/davidmorales/Escritorio/GitHUB/Testing/Selenium con Java/Booking at Barcelo"/>
    <property name="java.vm.compressedOopsMode" value="Zero based"/>
    <property name="line.separator" value="&#10;"/>
    <property name="java.vm.specification.vendor" value="Oracle Corporation"/>
    <property name="java.specification.name" value="Java Platform API Specification"/>
    <property name="surefire.real.class.path" value="/home/davidmorales/Escritorio/GitHUB/Testing/Selenium con Java/Booking at Barcelo/target/surefire/surefirebooter3070226838240404655.jar"/>
    <property name="sun.management.compiler" value="HotSpot 64-Bit Tiered Compilers"/>
    <property name="java.runtime.version" value="13.0.2+8"/>
    <property name="user.name" value="davidmorales"/>
    <property name="path.separator" value=":"/>
    <property name="os.version" value="5.11.0-37-generic"/>
    <property name="java.runtime.name" value="Java(TM) SE Runtime Environment"/>
    <property name="file.encoding" value="UTF-8"/>
    <property name="java.vm.name" value="Java HotSpot(TM) 64-Bit Server VM"/>
    <property name="localRepository" value="/home/davidmorales/.m2/repository"/>
    <property name="java.vendor.url.bug" value="https://bugreport.java.com/bugreport/"/>
    <property name="java.io.tmpdir" value="/tmp"/>
    <property name="java.version" value="13.0.2"/>
    <property name="user.dir" value="/home/davidmorales/Escritorio/GitHUB/Testing/Selenium con Java/Booking at Barcelo"/>
    <property name="os.arch" value="amd64"/>
    <property name="java.vm.specification.name" value="Java Virtual Machine Specification"/>
    <property name="java.library.path" value="/usr/java/packages/lib:/usr/lib64:/lib64:/lib:/usr/lib"/>
    <property name="java.vm.info" value="mixed mode, sharing"/>
    <property name="java.vendor" value="Oracle Corporation"/>
    <property name="java.vm.version" value="13.0.2+8"/>
    <property name="sun.io.unicode.encoding" value="UnicodeLittle"/>
    <property name="java.class.version" value="57.0"/>
  </properties>
  <testcase name="parameterTest" classname="test_001.Runner" time="22.241">
    <failure message="Expected condition failed: waiting for visibility of element located by By.xpath: //button[@id=&apos;fastbooking_cta_booking_hotel&apos;] (tried for 10 second(s) with 500 milliseconds interval)" type="org.openqa.selenium.TimeoutException">org.openqa.selenium.TimeoutException: Expected condition failed: waiting for visibility of element located by By.xpath: //button[@id='fastbooking_cta_booking_hotel'] (tried for 10 second(s) with 500 milliseconds interval)
	at test_001.Runner.parameterTest(Runner.java:152)
Caused by: org.openqa.selenium.NoSuchElementException: 
no such element: Unable to locate element: {"method":"xpath","selector":"//button[@id='fastbooking_cta_booking_hotel']"}
  (Session info: chrome=94.0.4606.81)
For documentation on this error, please visit: https://www.seleniumhq.org/exceptions/no_such_element.html
Build info: version: '3.141.59', revision: 'e82be7d358', time: '2018-11-14T08:17:03'
System info: host: 'SG-3751', ip: '127.0.1.1', os.name: 'Linux', os.arch: 'amd64', os.version: '5.11.0-37-generic', java.version: '13.0.2'
Driver info: org.openqa.selenium.chrome.ChromeDriver
Capabilities {acceptInsecureCerts: false, browserName: chrome, browserVersion: 94.0.4606.81, chrome: {chromedriverVersion: 94.0.4606.61 (418b78f5838ed..., userDataDir: /tmp/.com.google.Chrome.RHMgPU}, goog:chromeOptions: {debuggerAddress: localhost:43261}, javascriptEnabled: true, networkConnectionEnabled: false, pageLoadStrategy: normal, platform: LINUX, platformName: LINUX, proxy: Proxy(), setWindowRect: true, strictFileInteractability: false, timeouts: {implicit: 0, pageLoad: 300000, script: 30000}, unhandledPromptBehavior: dismiss and notify, webauthn:extension:credBlob: true, webauthn:extension:largeBlob: true, webauthn:virtualAuthenticators: true}
Session ID: 53a8661f83199dca474649fe46d5675f
*** Element info: {Using=xpath, value=//button[@id='fastbooking_cta_booking_hotel']}
	at test_001.Runner.parameterTest(Runner.java:152)
</failure>
    <system-out><![CDATA[[Configuration] [WARN] Detected a static method [test_001.Runner.setupClass()]. Static configuration methods can cause  unexpected behavior.
]]></system-out>
    <system-err><![CDATA[SLF4J: Failed to load class "org.slf4j.impl.StaticLoggerBinder".
SLF4J: Defaulting to no-operation (NOP) logger implementation
SLF4J: See http://www.slf4j.org/codes.html#StaticLoggerBinder for further details.
Starting ChromeDriver 94.0.4606.61 (418b78f5838ed0b1c69bb4e51ea0252171854915-refs/branch-heads/4606@{#1204}) on port 32093
Only local connections are allowed.
Please see https://chromedriver.chromium.org/security-considerations for suggestions on keeping ChromeDriver safe.
ChromeDriver was started successfully.
oct. 27, 2021 1:09:09 P. M. org.openqa.selenium.remote.ProtocolHandshake createSession
INFO: Detected dialect: W3C
]]></system-err>
  </testcase>
</testsuite>