<?xml version="1.0" encoding="UTF-8"?>
<testsuite xmlns:xsi="http://www.w3.org/2001/XMLSchema-instance" xsi:noNamespaceSchemaLocation="https://maven.apache.org/surefire/maven-surefire-plugin/xsd/surefire-test-report.xsd" name="TestSuite" time="0.408" tests="1" errors="0" skipped="0" failures="0">
  <properties>
    <property name="java.specification.version" value="13"/>
    <property name="sun.jnu.encoding" value="UTF-8"/>
    <property name="java.class.path" value="/home/davidmorales/Escritorio/GitHUB/Testing/Selenium con Java/Booking at Barcelo/target/test-classes:/home/davidmorales/Escritorio/GitHUB/Testing/Selenium con Java/Booking at Barcelo/target/classes:/home/davidmorales/.m2/repository/org/testng/testng/7.4.0/testng-7.4.0.jar:/home/davidmorales/.m2/repository/com/beust/jcommander/1.78/jcommander-1.78.jar:/home/davidmorales/.m2/repository/org/webjars/jquery/3.5.1/jquery-3.5.1.jar:/home/davidmorales/.m2/repository/org/seleniumhq/selenium/selenium-java/3.141.59/selenium-java-3.141.59.jar:/home/davidmorales/.m2/repository/org/seleniumhq/selenium/selenium-api/3.141.59/selenium-api-3.141.59.jar:/home/davidmorales/.m2/repository/org/seleniumhq/selenium/selenium-chrome-driver/3.141.59/selenium-chrome-driver-3.141.59.jar:/home/davidmorales/.m2/repository/org/seleniumhq/selenium/selenium-edge-driver/3.141.59/selenium-edge-driver-3.141.59.jar:/home/davidmorales/.m2/repository/org/seleniumhq/selenium/selenium-firefox-driver/3.141.59/selenium-firefox-driver-3.141.59.jar:/home/davidmorales/.m2/repository/org/seleniumhq/selenium/selenium-ie-driver/3.141.59/selenium-ie-driver-3.141.59.jar:/home/davidmorales/.m2/repository/org/seleniumhq/selenium/selenium-opera-driver/3.141.59/selenium-opera-driver-3.141.59.jar:/home/davidmorales/.m2/repository/org/seleniumhq/selenium/selenium-remote-driver/3.141.59/selenium-remote-driver-3.141.59.jar:/home/davidmorales/.m2/repository/org/seleniumhq/selenium/selenium-safari-driver/3.141.59/selenium-safari-driver-3.141.59.jar:/home/davidmorales/.m2/repository/org/seleniumhq/selenium/selenium-support/3.141.59/selenium-support-3.141.59.jar:/home/davidmorales/.m2/repository/net/bytebuddy/byte-buddy/1.8.15/byte-buddy-1.8.15.jar:/home/davidmorales/.m2/repository/org/apache/commons/commons-exec/1.3/commons-exec-1.3.jar:/home/davidmorales/.m2/repository/com/google/guava/guava/25.0-jre/guava-25.0-jre.jar:/home/davidmorales/.m2/repository/com/google/code/findbugs/jsr305/1.3.9/jsr305-1.3.9.jar:/home/davidmorales/.m2/repository/org/checkerframework/checker-compat-qual/2.0.0/checker-compat-qual-2.0.0.jar:/home/davidmorales/.m2/repository/com/google/errorprone/error_prone_annotations/2.1.3/error_prone_annotations-2.1.3.jar:/home/davidmorales/.m2/repository/com/google/j2objc/j2objc-annotations/1.1/j2objc-annotations-1.1.jar:/home/davidmorales/.m2/repository/org/codehaus/mojo/animal-sniffer-annotations/1.14/animal-sniffer-annotations-1.14.jar:/home/davidmorales/.m2/repository/com/squareup/okhttp3/okhttp/3.11.0/okhttp-3.11.0.jar:/home/davidmorales/.m2/repository/com/squareup/okio/okio/1.14.0/okio-1.14.0.jar:/home/davidmorales/.m2/repository/io/github/bonigarcia/webdrivermanager/5.0.3/webdrivermanager-5.0.3.jar:/home/davidmorales/.m2/repository/org/slf4j/slf4j-api/1.7.32/slf4j-api-1.7.32.jar:/home/davidmorales/.m2/repository/com/google/code/gson/gson/2.8.8/gson-2.8.8.jar:/home/davidmorales/.m2/repository/org/jsoup/jsoup/1.14.2/jsoup-1.14.2.jar:/home/davidmorales/.m2/repository/com/github/docker-java/docker-java/3.2.12/docker-java-3.2.12.jar:/home/davidmorales/.m2/repository/com/github/docker-java/docker-java-core/3.2.12/docker-java-core-3.2.12.jar:/home/davidmorales/.m2/repository/com/github/docker-java/docker-java-api/3.2.12/docker-java-api-3.2.12.jar:/home/davidmorales/.m2/repository/com/fasterxml/jackson/core/jackson-annotations/2.10.3/jackson-annotations-2.10.3.jar:/home/davidmorales/.m2/repository/commons-io/commons-io/2.6/commons-io-2.6.jar:/home/davidmorales/.m2/repository/org/apache/commons/commons-compress/1.21/commons-compress-1.21.jar:/home/davidmorales/.m2/repository/commons-lang/commons-lang/2.6/commons-lang-2.6.jar:/home/davidmorales/.m2/repository/com/fasterxml/jackson/core/jackson-databind/2.10.3/jackson-databind-2.10.3.jar:/home/davidmorales/.m2/repository/com/fasterxml/jackson/core/jackson-core/2.10.3/jackson-core-2.10.3.jar:/home/davidmorales/.m2/repository/org/bouncycastle/bcpkix-jdk15on/1.64/bcpkix-jdk15on-1.64.jar:/home/davidmorales/.m2/repository/org/bouncycastle/bcprov-jdk15on/1.64/bcprov-jdk15on-1.64.jar:/home/davidmorales/.m2/repository/org/slf4j/jcl-over-slf4j/1.7.30/jcl-over-slf4j-1.7.30.jar:/home/davidmorales/.m2/repository/com/github/docker-java/docker-java-transport-httpclient5/3.2.12/docker-java-transport-httpclient5-3.2.12.jar:/home/davidmorales/.m2/repository/com/github/docker-java/docker-java-transport/3.2.12/docker-java-transport-3.2.12.jar:/home/davidmorales/.m2/repository/org/apache/httpcomponents/client5/httpclient5/5.0.3/httpclient5-5.0.3.jar:/home/davidmorales/.m2/repository/org/apache/httpcomponents/core5/httpcore5/5.0.2/httpcore5-5.0.2.jar:/home/davidmorales/.m2/repository/commons-codec/commons-codec/1.13/commons-codec-1.13.jar:/home/davidmorales/.m2/repository/net/java/dev/jna/jna/5.8.0/jna-5.8.0.jar:/home/davidmorales/.m2/repository/org/brotli/dec/0.1.2/dec-0.1.2.jar:/home/davidmorales/.m2/repository/com/aventstack/extentreports/5.0.9/extentreports-5.0.9.jar:/home/davidmorales/.m2/repository/io/reactivex/rxjava3/rxjava/3.0.4/rxjava-3.0.4.jar:/home/davidmorales/.m2/repository/org/reactivestreams/reactive-streams/1.0.3/reactive-streams-1.0.3.jar:/home/davidmorales/.m2/repository/org/freemarker/freemarker/2.3.30/freemarker-2.3.30.jar:/home/davidmorales/.m2/repository/org/projectlombok/lombok/1.18.12/lombok-1.18.12.jar:"/>
    <property name="java.vm.vendor" value="Oracle Corporation"/>
    <property name="sun.arch.data.model" value="64"/>
    <property name="java.vendor.url" value="https://java.oracle.com/"/>
    <property name="os.name" value="Linux"/>
    <property name="java.vm.specification.version" value="13"/>
    <property name="sun.java.launcher" value="SUN_STANDARD"/>
    <property name="user.country" value="ES"/>
    <property name="sun.boot.library.path" value="/usr/lib/jvm/jdk-13.0.2/lib"/>
    <property name="sun.java.command" value="/home/davidmorales/Escritorio/GitHUB/Testing/Selenium con Java/Booking at Barcelo/target/surefire/surefirebooter6255545337461413308.jar /home/davidmorales/Escritorio/GitHUB/Testing/Selenium con Java/Booking at Barcelo/target/surefire 2021-10-25T10-37-30_191-jvmRun1 surefire8510039093161972416tmp surefire_013432469053023752776tmp"/>
    <property name="jdk.debug" value="release"/>
    <property name="surefire.test.class.path" value="/home/davidmorales/Escritorio/GitHUB/Testing/Selenium con Java/Booking at Barcelo/target/test-classes:/home/davidmorales/Escritorio/GitHUB/Testing/Selenium con Java/Booking at Barcelo/target/classes:/home/davidmorales/.m2/repository/org/testng/testng/7.4.0/testng-7.4.0.jar:/home/davidmorales/.m2/repository/com/beust/jcommander/1.78/jcommander-1.78.jar:/home/davidmorales/.m2/repository/org/webjars/jquery/3.5.1/jquery-3.5.1.jar:/home/davidmorales/.m2/repository/org/seleniumhq/selenium/selenium-java/3.141.59/selenium-java-3.141.59.jar:/home/davidmorales/.m2/repository/org/seleniumhq/selenium/selenium-api/3.141.59/selenium-api-3.141.59.jar:/home/davidmorales/.m2/repository/org/seleniumhq/selenium/selenium-chrome-driver/3.141.59/selenium-chrome-driver-3.141.59.jar:/home/davidmorales/.m2/repository/org/seleniumhq/selenium/selenium-edge-driver/3.141.59/selenium-edge-driver-3.141.59.jar:/home/davidmorales/.m2/repository/org/seleniumhq/selenium/selenium-firefox-driver/3.141.59/selenium-firefox-driver-3.141.59.jar:/home/davidmorales/.m2/repository/org/seleniumhq/selenium/selenium-ie-driver/3.141.59/selenium-ie-driver-3.141.59.jar:/home/davidmorales/.m2/repository/org/seleniumhq/selenium/selenium-opera-driver/3.141.59/selenium-opera-driver-3.141.59.jar:/home/davidmorales/.m2/repository/org/seleniumhq/selenium/selenium-remote-driver/3.141.59/selenium-remote-driver-3.141.59.jar:/home/davidmorales/.m2/repository/org/seleniumhq/selenium/selenium-safari-driver/3.141.59/selenium-safari-driver-3.141.59.jar:/home/davidmorales/.m2/repository/org/seleniumhq/selenium/selenium-support/3.141.59/selenium-support-3.141.59.jar:/home/davidmorales/.m2/repository/net/bytebuddy/byte-buddy/1.8.15/byte-buddy-1.8.15.jar:/home/davidmorales/.m2/repository/org/apache/commons/commons-exec/1.3/commons-exec-1.3.jar:/home/davidmorales/.m2/repository/com/google/guava/guava/25.0-jre/guava-25.0-jre.jar:/home/davidmorales/.m2/repository/com/google/code/findbugs/jsr305/1.3.9/jsr305-1.3.9.jar:/home/davidmorales/.m2/repository/org/checkerframework/checker-compat-qual/2.0.0/checker-compat-qual-2.0.0.jar:/home/davidmorales/.m2/repository/com/google/errorprone/error_prone_annotations/2.1.3/error_prone_annotations-2.1.3.jar:/home/davidmorales/.m2/repository/com/google/j2objc/j2objc-annotations/1.1/j2objc-annotations-1.1.jar:/home/davidmorales/.m2/repository/org/codehaus/mojo/animal-sniffer-annotations/1.14/animal-sniffer-annotations-1.14.jar:/home/davidmorales/.m2/repository/com/squareup/okhttp3/okhttp/3.11.0/okhttp-3.11.0.jar:/home/davidmorales/.m2/repository/com/squareup/okio/okio/1.14.0/okio-1.14.0.jar:/home/davidmorales/.m2/repository/io/github/bonigarcia/webdrivermanager/5.0.3/webdrivermanager-5.0.3.jar:/home/davidmorales/.m2/repository/org/slf4j/slf4j-api/1.7.32/slf4j-api-1.7.32.jar:/home/davidmorales/.m2/repository/com/google/code/gson/gson/2.8.8/gson-2.8.8.jar:/home/davidmorales/.m2/repository/org/jsoup/jsoup/1.14.2/jsoup-1.14.2.jar:/home/davidmorales/.m2/repository/com/github/docker-java/docker-java/3.2.12/docker-java-3.2.12.jar:/home/davidmorales/.m2/repository/com/github/docker-java/docker-java-core/3.2.12/docker-java-core-3.2.12.jar:/home/davidmorales/.m2/repository/com/github/docker-java/docker-java-api/3.2.12/docker-java-api-3.2.12.jar:/home/davidmorales/.m2/repository/com/fasterxml/jackson/core/jackson-annotations/2.10.3/jackson-annotations-2.10.3.jar:/home/davidmorales/.m2/repository/commons-io/commons-io/2.6/commons-io-2.6.jar:/home/davidmorales/.m2/repository/org/apache/commons/commons-compress/1.21/commons-compress-1.21.jar:/home/davidmorales/.m2/repository/commons-lang/commons-lang/2.6/commons-lang-2.6.jar:/home/davidmorales/.m2/repository/com/fasterxml/jackson/core/jackson-databind/2.10.3/jackson-databind-2.10.3.jar:/home/davidmorales/.m2/repository/com/fasterxml/jackson/core/jackson-core/2.10.3/jackson-core-2.10.3.jar:/home/davidmorales/.m2/repository/org/bouncycastle/bcpkix-jdk15on/1.64/bcpkix-jdk15on-1.64.jar:/home/davidmorales/.m2/repository/org/bouncycastle/bcprov-jdk15on/1.64/bcprov-jdk15on-1.64.jar:/home/davidmorales/.m2/repository/org/slf4j/jcl-over-slf4j/1.7.30/jcl-over-slf4j-1.7.30.jar:/home/davidmorales/.m2/repository/com/github/docker-java/docker-java-transport-httpclient5/3.2.12/docker-java-transport-httpclient5-3.2.12.jar:/home/davidmorales/.m2/repository/com/github/docker-java/docker-java-transport/3.2.12/docker-java-transport-3.2.12.jar:/home/davidmorales/.m2/repository/org/apache/httpcomponents/client5/httpclient5/5.0.3/httpclient5-5.0.3.jar:/home/davidmorales/.m2/repository/org/apache/httpcomponents/core5/httpcore5/5.0.2/httpcore5-5.0.2.jar:/home/davidmorales/.m2/repository/commons-codec/commons-codec/1.13/commons-codec-1.13.jar:/home/davidmorales/.m2/repository/net/java/dev/jna/jna/5.8.0/jna-5.8.0.jar:/home/davidmorales/.m2/repository/org/brotli/dec/0.1.2/dec-0.1.2.jar:/home/davidmorales/.m2/repository/com/aventstack/extentreports/5.0.9/extentreports-5.0.9.jar:/home/davidmorales/.m2/repository/io/reactivex/rxjava3/rxjava/3.0.4/rxjava-3.0.4.jar:/home/davidmorales/.m2/repository/org/reactivestreams/reactive-streams/1.0.3/reactive-streams-1.0.3.jar:/home/davidmorales/.m2/repository/org/freemarker/freemarker/2.3.30/freemarker-2.3.30.jar:/home/davidmorales/.m2/repository/org/projectlombok/lombok/1.18.12/lombok-1.18.12.jar:"/>
    <property name="sun.cpu.endian" value="little"/>
    <property name="user.home" value="/home/davidmorales"/>
    <property name="user.language" value="es"/>
    <property name="java.specification.vendor" value="Oracle Corporation"/>
    <property name="java.version.date" value="2020-01-14"/>
    <property name="java.home" value="/usr/lib/jvm/jdk-13.0.2"/>
    <property name="file.separator" value="/"/>
    <property name="basedir" value="/home/davidmorales/Escritorio/GitHUB/Testing/Selenium con Java/Booking at Barcelo"/>
    <property name="java.vm.compressedOopsMode" value="Zero based"/>
    <property name="line.separator" value="&#10;"/>
    <property name="java.vm.specification.vendor" value="Oracle Corporation"/>
    <property name="java.specification.name" value="Java Platform API Specification"/>
    <property name="surefire.real.class.path" value="/home/davidmorales/Escritorio/GitHUB/Testing/Selenium con Java/Booking at Barcelo/target/surefire/surefirebooter6255545337461413308.jar"/>
    <property name="sun.management.compiler" value="HotSpot 64-Bit Tiered Compilers"/>
    <property name="java.runtime.version" value="13.0.2+8"/>
    <property name="user.name" value="davidmorales"/>
    <property name="path.separator" value=":"/>
    <property name="os.version" value="5.11.0-37-generic"/>
    <property name="java.runtime.name" value="Java(TM) SE Runtime Environment"/>
    <property name="file.encoding" value="UTF-8"/>
    <property name="java.vm.name" value="Java HotSpot(TM) 64-Bit Server VM"/>
    <property name="localRepository" value="/home/davidmorales/.m2/repository"/>
    <property name="java.vendor.url.bug" value="https://bugreport.java.com/bugreport/"/>
    <property name="java.io.tmpdir" value="/tmp"/>
    <property name="java.version" value="13.0.2"/>
    <property name="user.dir" value="/home/davidmorales/Escritorio/GitHUB/Testing/Selenium con Java/Booking at Barcelo"/>
    <property name="os.arch" value="amd64"/>
    <property name="java.vm.specification.name" value="Java Virtual Machine Specification"/>
    <property name="java.library.path" value="/usr/java/packages/lib:/usr/lib64:/lib64:/lib:/usr/lib"/>
    <property name="java.vm.info" value="mixed mode, sharing"/>
    <property name="java.vendor" value="Oracle Corporation"/>
    <property name="java.vm.version" value="13.0.2+8"/>
    <property name="sun.io.unicode.encoding" value="UnicodeLittle"/>
    <property name="java.class.version" value="57.0"/>
  </properties>
  <testcase name="parameterTest" classname="test_001.Runner" time="0.003"/>
</testsuite>