<?xml version="1.0" encoding="UTF-8"?>
<!-- Generated by org.testng.reporters.JUnitReportReporter -->
<testsuite hostname="SG-3751" failures="0" tests="1" name="test_001.Runner" time="0.002" errors="0" timestamp="2021-10-25T10:37:31 CEST" skipped="0">
  <testcase classname="test_001.Runner" name="parameterTest" time="0.002"/>
  <system-out/>
</testsuite> <!-- test_001.Runner -->
